1680633148634:users
1680633150274:exit
1680633230662:help
1680633234243:users
1680633272965:all-permissions
1680633312725:exit
1680719598900:users
1680719602453:help
1680719619501:add-user --handle mario --imageUri http://www.google.com --name google
1680719628053:passwd ---userId 1093242064336605184
1680719631371:passwd --userId 1093242064336605184
1680719636332:passwd --userId 1093242064336605184 --password changeme
1680719648141:show-topics
1680719661941:add-topic --name marios home --userId 1093242064336605184
1680719664172:show-topics
1680719686531:get-permiossions-for-user 1093242064336605184
1680719692804:get-permissions-for-user 1093242064336605184
1680719842882:exit
1680848089823:users
1680848091160:exit
1680848350478:users
1680848363375:exit
1680850914654:help
1680850917629:users
1680850922196:exit
1680851502909:users
1680851642101:exit
1680851730652:help
1680851733470:add-user
1680851739739:add-user --name mario --handle mario --imageUri http
1680851746435:passwd --userId mario
1680851752758:passwd --userId mario --password password
1680851761726:passwd --userId 1093796217114873856 --password password
1680894101081:users
1680894102609:exit
1680897640349:passwd --userId 1093796217114873856 --password password
