1676567060413:help
1676567070547:bootstrap
1676567107741:find-user --handle plaid
1676567121372:find-user --handle anonymous
1676567124714:find-user --handle anony
1676567132955:users
1676567193860:passwd --id 1075556764760166400 --passwd d3m0chat
1676568220453:help
1676568249443:add-user --handle owl --imageUri http://foo.bar/img.png --name "mr stax"
1676568254204:users
1676568335747:passwd --id 1075829956082946048
1676568346924:passwd --id 1075829956082946048 --passwd d3m0chat
1676568355133:help
1676568359772:all-topics
1676573000209:test
1676585630058:add-topic --name HelloWorld --userId 1075829956082946048
1676585636495:all-topics
1676586002641:login --username owl --password d3m0chat
1676586049359:login --username owls --password d3m0chat
1676586056655:login --username owl --password d3m0chats
1676586542277:login --username owl --password d3m0chat
1676586543237:whoami
1676586574981:get-user --handle owl
1676586611119:get-permissions-for-user --userId 1075829956082946048
1676586623215:identity
1676587279082:exit
1676587392267:get-permissions-for-user --userId 1075829956082946048
1676587397093:login --username owl --password d3m0chat
1676587404996:users
1676587414333:login --username owl --password d3m0cha
1676588084479:passwd --id 1075829956082946048 --passwd d3m0chat
1676588087679:login --username owl --password d3m0cha
1676588088983:login --username owl --password d3m0chat
1676588093006:identity
1676591561005:help
1676591566567:all-topics
1676591605437:help
1676591608077:send
1676591631245:join ---topicId 1075902855804375040
1676591640968:join ---topicId 1075902855804375040 --userId 1075829956082946048
1676591647750:join --topicId 1075902855804375040 --userId 1075829956082946048
1676591652246:stacktrace
1676591698656:add-user --handle bluejay --name Mr birb --imageUri http://images.com/birbs.jpg
1676591736247:add-user --handle bluejay --name "Mr birb" --imageUri http://images.com/birbs.jpg
1676591755816:passwd --id 1075928467243814912
1676591761888:passwd --id 1075928467243814912 --passwd d3m0chat
1676591775281:login --username bluejay --password d3m0chat
1676591778136:help
1676593226621:join --topicId 1075902855804375040 --userId 1075829956082946048
1676593300627:help
1676593387684:join --topicId 1075902855804375040 --userId 1075829956082946042
1676593389268:join --topicId 1075902855804375040 --userId 1075829956082946048
1676593393701:join --topicId 1175902855804375040 --userId 1075829956082946048
1676593397317:join --topicId 1075902855804375040 --userId 1075829956082946048
1676593497627:join ---userId 1075829956082946048 --topicId 1075902855804375040
1676593502634:join --userId 1075829956082946048 --topicId 1075902855804375040
1676593506632:stacktrace
1676594341213:help
1676594345821:all-topics
1676594375022:list-members --topicId 1075902855804375040
1676594380487:list-members
1676594436379:stacktrace
1676611772168:list-members --topicId 1075902855804375040
1676612427701:join --topicId 1075902855804375040 --userId 1075829956082946048
1676614080615:exit
1676622397692:exit
1676622991215:join --topicId 1075902855804375040 --userId 1075829956082946048
1676623224984:exit
1676623247497:join --topicId 1075902855804375040 --userId 1075829956082946048
1676623266569:add-user --handle bluejay --name Mr birb --imageUri http://images.com/birbs.jpg
1676623285650:passwd --id 1076060714722676736 --passwd d3m0chat
1676623310945:add-topic --name HelloWorld --userId 1075829956082946048
1676623319077:add-topic --name HelloWorld --userId 1076060714722676736
1676623322256:all-topics
1676623328872:help
1676623333216:show-topics
1676623374456:add-topic --name Hello --userId 1076060714722676736
1676623375848:show-topics
1676623383248:help
1676623389079:users
1676623413425:login --username bluejay --password d3m0chat
1676623437207:stacktrace
1676623493394:login --username bluejay --password d3m0chat
1676623680368:help
1676623687607:find-user --handle bluejay
1676623695231:login --username bluejay --password d3m0chat
1676623716909:get-user --handle bluejay
1676623743432:identity
1676623745415:help
1676623751405:login
1676623756630:login --username foo --password bar
1676623782127:login --username bluejay --password bar
1676623786349:login --username bluejay --password d3m0chat
1676623798949:stacktrace
1676624009647:login --username bluejay --password d3m0chatf
1676624113816:exit
1676624136086:login --username bluejay --password d3m0chatf
1676624138070:login --username bluejay --password d3m0chat
1676624143512:stacktrace
1676624789027:login --username bluejay --password d3m0chat
1676624795691:stacktrace
1676624829588:exit
1676624885717:login --username bluejay --password d3m0chat
1676624940348:stacktrace
1676624995573:add-user --handle bluejay --name "Mr birb" --imageUri http://images.com/birbs.jpg
1676625012398:passwd --id 1076067966661709824 --passwd d3m0chat
1676625017517:login --username bluejay --password d3m0chat
1676625073718:stacktrace
1676625149868:bootstrap
1676625153134:login --username bluejay --password d3m0chat
1676625222157:aadd-topic --name Hello --userId 1076060714722676736
1676625225486:users
1676625234262:add-topic --name Hello --userId 1076067966661709824
1676625275639:show-topics
1676625283228:help
1676625299985:join --topicId 1076068967733022720 --userId 1076067966661709824
1676626098548:exit
1676626226931:bootstrap
1676626235899:add-user --handle bluejay --name "Mr birb" --imageUri http://images.com/birbs.jpg
1676626251620:passwd --id 1076073168894709760 --passwd d3m0chat
1676626267037:add-topic --name Hello --userId 1076073168894709760
1676626292011:show-topics
1676626305518:join --topicId 1076073299555667968 --userId 1076073168894709760
1676626319236:stacktrace
1676626355845:get-user --handle bluejay
1676626476077:find-user --handle bluejay
1676626483373:users
1676626489388:all-permissions
1676626494813:help
1676626528805:topics
1676626532612:show-topics
1676626544286:list-members --topicId 1076073299555667968
1676659117660:show-topics
1676659119780:exit
1676668669066:bootstrap
1676668671746:list-members --topicId 1076073299555667968
1676671120859:exit
1676671189269:bootstrap
1676671191390:list-members --topicId 1076073299555667968
1676671461787:exit
1676674131712:list-members --topicId 1076073299555667968
1676675185795:exit
1676675200012:list-members --topicId 1076073299555667968
1676675210091:list-members --topicId 1076073299555667
1676675212106:list-members --topicId 1076073299
1676675215370:list-members --topicId true
1676675218805:list-members --topicId foo
1676675221186:list-members --topicId false
1676675223468:list-members --topicId null
1676675225067:list-members --topicId true
1676675249953:exit
1676675559525:list-members --topicId true
1676675712869:exit
1676675736688:list-members --topicId true
1676675743344:exit
1676675777861:list-members --topicId 1076073299555667968
1676675800958:exit
1676675819631:list-members --topicId 1076073299555667968
1676675821383:exit
1676675845232:users
1676675854129:member-of --userId 1076261717526990848
1676675905422:exit
1676675928239:member-of --userId 1076261717526990848
1676676085512:key
1676676154824:exit
1676676201963:member-of --userId 1076261717526990848
1676676205354:list-members --topicId 1076073299555667968
1676676232938:add-user --handle bluejay --name "Mr birb" --imageUri http://images.com/birbs.jpg
1676676251538:add-topic --name Hello --userId 1076282871738290176
1676676253195:show-topics
1676676277677:join --topicId 1076282949685235712 --userId 1076282871738290176
1676676283419:stacktrace
1676676335290:join --topicId 1076282949685235712 --userId 1076282871738290176
1676676388762:exit
1676676416753:join --topicId 1076282949685235712 --userId 1076282871738290176
1676676423474:stacktrace
1676676456303:exit
1676676472705:join --topicId 1076282949685235712 --userId 1076282871738290176
1676676476448:stacktrace
1676676552311:join --topicId 1076282949685235712 --userId 1076282871738290176
1676676599694:join --topicId 1071282949685235712 --userId 1076282871738290176
1676676602057:join --topicId 1076282949685235712 --userId 1076282871738290176
1676677213020:exit
1676677228638:bootstrap
1676677234301:add-user --handle bluejay --name "Mr birb" --imageUri http://images.com/birbs.jpg
1676677246399:add-topic --name Hello --userId 1076287071771709440
1676677264814:join --topicId 1076287071771709440 --userId 1076287071771709440
1676677288108:join --topicId 1076287071771709 --userId 1076287071771709440
1676677289253:topics
1676677291685:show-topics
1676677298678:join --topicId 1076287122472456192 --userId 1076287071771709440
1676678835521:exit
1676679221643:bootstrap
1676679226458:add-user --handle bluejay --name "Mr birb" --imageUri http://images.com/birbs.jpg
1676679234747:add-topic --name Hello --userId 1076287071771709440
1676679243345:add-topic --name Helloo --userId 1076295427437645824
1676679246505:show-topics
1676679262716:join --userId 1076295427437645824 --topicId 1076295498275246080
1676679298385:join --userId 1076295427437645824 --topicId 1076295462233591808
1676679359113:susers
1676679360137:users
1676679363154:show-topics
1676679375302:join --userId 1076295408370339840 --topicId 1076295498275246080
1676679626702:exit
1676679705808:bootstrap
1676679721440:add-topic --name Helloo --userId 1076297439222976512
1676679723719:show-topics
1676679724752:users
1676679739753:join --userId 1076297439222976512 --topicId 1076297503618125824
1676680041511:exit
1676680076313:show-topics
1676680082907:rem-topic --topicId 1076297503618125824
1676680085263:show-topics
1676872650635:exit
1677025326945:help
1677025330716:bootstrap
1677025620988:add-topic --name Helloo --userId 1077747095069020160
1677025634036:show-topics
1677025652691:join --topicId 1077748311438151680 --userId 1077747095069020160
1677025718571:show-topics
1677026015620:join --topicId 1077748311438151680 --userId 1077747095069020160
1677026043156:stacktrace
1677026104772:help
1677026111275:join --topicId 1077748311438151680 --userId 1077747095069020160
1677026117500:list-members 1077748311438151680
1677027160051:exit
1677027184461:list-members 1077748311438151680
1677027212220:exit
1677027241127:list-members 1077748311438151680
1677027267900:exit
1677027282454:list-members 1077748311438151680
1677027459241:exit
1677027477098:list-members 1077748311438151680
1677027480963:join --topicId 1077748311438151680 --userId 1077747095069020160
1677027484363:list-members 1077748311438151680
1677027504353:help
1677027511481:users
1677027521291:member-of --userId 1077747095069020160
1677027548553:listen --topicId 1077748311438151680
1677027567074:send --messageText HELLO -topicId 1077748311438151680
1677027571137:send --messageText HELLO --topicId 1077748311438151680
1677027714862:send --messageText HI --topicId 1077748311438151680
1677027742093:listen --topicId 1077748311438151680
1677027790884:exit
1677028023569:bootstrap
1677028048099:exit
1677028132848:send --messageText HI --topicId 1077748311438151680
1677028146440:listen --topicId 1077748311438151680
1677028158423:send --messageText HOWEVER HELLO --topicId 1077748311438151680
1677028171439:send --messageText 'HELLO CHAT"\n\n"\n' --topicId 1077748311438151680
1677028180053:send --messageText "hello chat" --topicId 1077748311438151680
1677028336824:exit
1677028439461:send --messageText "hello chat topic" --topicId 1077748311438151680
1677028487558:exit
1677028732398:exit
1677028905197:bootstrap
1677028907101:exit
1677028944557:show-users
1677028946554:help
1677028949172:login
1677028972803:add-user --handle auser --name mario --imageUri http://foo.bar
1677028981595:passwd --userId 1077762370153762816
1677028987051:passwd --id 1077762370153762816
1677028991307:passwd --id 1077762370153762816 --passwd password
1677029002906:login ---username auser --password password
1677029006457:login --username auser --password password
1677029008248:whoami
1677029011697:who-am-i
1677029012930:help
1677029016665:identity
1677029076199:secret
1677029148174:exit
1677029166280:login --username auser --password password
1677029176415:send --messageText "hello chat topic" --topicId 1077748311438151680
1677029179527:show-topics
1677029183077:help
1677029212735:add-topic --userId 1077762370153762816 --name ausers_topic
1677029215949:show-topics
1677029239759:join --topicId 1077763376266629120 --userId 1077762370153762816
1677029248141:list-members 1077763376266629120
1677029268623:send --messageText "ahoy" --topicId 1077763376266629120
1677029293613:listen --topicId 1077763376266629120
1677029297429:identity
1677029353418:add-user --handle walnut --name "Wallnut the User" --imageUri http://image.bar
1677029358907:show-topics
1677029371829:join --topicId 1077763376266629120 --userId 1077763966514253824
1677029386859:send --topicId 1077763376266629120 --messageText "Hey There, I'm Wallnut"
1677029407395:passwd --id 1077763966514253824 --passwd password
1677029415739:login --username walnut --password password
1677029418105:identity
1677029423028:send --topicId 1077763376266629120 --messageText "Hey There, I'm Wallnut"
1677029433169:send --topicId 1077763376266629120 --messageText "Hows it in here?"\n""
1677029436970:send --topicId 1077763376266629120 --messageText "Hows it in here"
1677030015250:exit
1677030018307:exit
1677030037010:bootstrap
1677030042163:add-user --handle walnut --name "Wallnut the User" --imageUri http://image.bar
1677030051197:passwd --id 1077766855206916096 --passwd password
1677030061003:login --username walnut --password password
1677030079604:add-user --handle pecan --name "Pecan the User" --imageUri http://image.bar
1677030088137:passwd --userId 1077767012505899008 --passwd password
1677030093385:passwd --id 1077767012505899008 --passwd password
1677030101711:login --username pecan --password password
1677030103903:help
1677030119248:add-topic --name "pecans den" --userId 1077767012505899008
1677030130575:show-topics
1677030142354:join --topicId 1077767178487091200 --userId 1077766855206916096
1677030156998:join --userId 1077767012505899008 --topicId 1077767178487091200
1677030160471:list-members 1077767178487091200
1677030176384:send --topicId 1077767178487091200 --messageText "Hey Pecan"
1677030185991:listen --topicId 1077767178487091200
1677030204223:join --userId 1077767012505899001 --topicId 1077767178487091200
1677031232191:exit
1677040205947:show-topics
1677040209603:add-topic --name "pecans den" --userId 1077767012505899008
1677040222664:add-user --handle pecan --name "Pecan the User" --imageUri http://image.bar
1677040232659:passwd -id 1077809555272650752 --passwd password
1677040243115:passwd -userId 1077809555272650752 --passwd password
1677040249579:passwd --id 1077809555272650752 --passwd password
1677040269475:login --username pecan --password password
1677040282283:show-topics
1677040301660:join --topicId 1077809500767670272 --userId 1077809555272650752
1677040312724:listen ---topicId 1077809500767670272
1677040316096:listen --topicId 1077809500767670272
1677040326115:add-user --handle walnut --name "Wallnut the User" --imageUri http://image.bar
1677040338779:passwd --id 1077809989576052736 --passwd password
1677040347401:login --username walnut
1677040351738:login --username walnut --password password
1677040356034:show-topics
1677040368061:join --topicId 1077809500767670272 --userId 1077809989576052736
1677041535379:exit
1677041954777:help
1677041965258:users
1677041975740:login --username walnut --password password
1677041979322:help
1677041981484:test
1677041982716:help
1677041996659:show-topics
1677042012356:listen --topicId 1077809500767670272
1677042033522:login --username pecan --password password
1677042037571:show-topics
1677042042412:join --topicId 1077809500767670272
1677048778596:login --username pecan --password password
1677048782306:join --topicId 1077809500767670272
1677048787363:exit
1677048805185:login --username walnut --password password
1677048811500:join --topicId 1077809500767670272
1677048825187:help1077809500767670272
1677048826370:help
1677048831554:list-members --topicId 1077809500767670272
1677048839369:listen --topicId 1077809500767670272
1677048850867:leave --topicId 1077809500767670272
1677048859147:join --topicId 1077809500767670272
1677087888155:exit
1677087893282:exit
1677087990985:login --username walnut --password password
1677087993377:help
1677092561381:exit
1677098705790:test --name mario
1677098707959:test
1677098881065:whoami
1677098998451:stacktrace
1677099317222:whoami
1677099326247:stactrace
1677099328759:stacktrace
1677099340879:whoami
1677099342790:stacktrace
1677099394837:whoami
1677099422664:exit
1677099809834:help
1677099812313:users
1677099990405:bootstrap
1677100001148:users
1677100131438:login --username walnut --password password
1677100150295:add-user --name walnut --passwd password
1677100189599:add-user --handle walnut --name "A TEST USER" --imageUri "http://foo.bar/image.png"
1677100190799:users
1677100246024:passwd --userId 1078061074827988992 --passwd changeme
1677100254016:login
1677100279645:login --username walnut --password walnut
1677100286349:login --username walnut --password changeme
1677100289917:whoami
1677100352668:users
1677100391819:add-user --name pecan --handle pecan --image-uri http://foo.bar/pecans.png
1677100398499:add-user --name pecan --handle pecan --imageUri http://foo.bar/pecans.png
1677100438411:passwd
1677100449611:passwd --userId 1078061951135535104 --password changeme
1677100473739:login --username pecan --password changeme
1677100476306:whoami
1677100507794:help
1677100517874:show-topics
1677100534002:add-topic --name "Pecan's Tree"
1677100536905:whoami
1677100573505:add-topic --name "Pecan's Tree" --userId 1078061951135535104
1677100600473:add-topic --name "Pecan's Second Tree" --userId _
1677100602956:add-topic --name "Pecan's Second Tree" --userId
1677100616497:show-topics
1677100666432:add-topic --name "Pecan's Third Tree"
1677100669088:show-topics
1677100768055:add-topic --name "Another Tree, by Pecan"
1677100771759:stacktrace
1677100857638:exit
1677100879326:whoami
1677100891494:login --username pecan --password changeme
1677100893430:whoami
1677100938670:show-topics
1677100951941:add-topic --name "Welcome to Cyberspace"
1677101005229:exit
1677101035517:login --username pecan --password changeme
1677101038452:add-topic --name "Welcome to Cyberspace"
1677101495349:join --topId 1078061951135535104
1677101499581:join --topicId 1078061951135535104
1677101504214:show-topics
1677101510941:joine --topicId 1078063500968611840
1677101513805:join --topicId 1078063500968611840
1677101533431:join --topicId 1078064635120996352
1677101563453:help
1677101579861:join --topicId 1078064635120996352
1677101589357:list-members --topicId 1078064635120996352
1677101619036:help
1677101631068:listen 1078064635120996352
1677101636668:listen --topicId 1078064635120996352
1677101655668:send --topicId 1078064635120996352 --messageText "Hey, Walnut"
1677101665956:send --topicId 1078064635120996352 --messageText "Hey, Walnut 2"
1677101696108:whoami
1677101738116:help
1677101744053:leave --topicId 1078064635120996352
1677101756963:list-members --topicId 1078064635120996352
1677101762939:leave --topicId 1078064635120996352
1677101764027:list-members --topicId 1078064635120996352
1677102190500:whoami
1677102611915:exit
1677108341045:identity
1677108343932:whoami
1677108353668:login --username pecan --password changeme
1677108355620:whoami
1677108362756:show-topics
1677108370037:join --topicId 1078063074776993792
1677109353332:exit
1677177345662:show-topics
1677177482209:help
1677177490584:all-permissions
1677182769621:exit
1677183303277:bootstrap
1677183305893:help
1677183329453:bootstrap
1677183332717:stacktrace
1677183448471:key
1677703088914:show-users
1677703090537:users
1677703093515:help
1677703105585:whoami
1677703118282:login --username pecan --password changeme
1677703124098:stacktrace
1677703150658:login --username pecan --password changeme
1677703456879:exit
1677703767027:help
1677703769115:login --username pecan --password changeme
1677703777730:stacktrace
1677705803381:login --username pecan --password changeme
1677705807636:stacktrace
1677705868597:help
1677705886445:bootstrap
1677705888124:foo
1677705890180:help
1677705897860:stacktrace
1677705900952:bootstrap
1677705902670:stacktrace
1677705952477:key
1677705953702:help
1677705960902:listen
1677705962477:listen 3242
1677706064367:help
1677706069775:login --username pecan --password changeme
1677706071464:bootstrap
1677706293858:key
1677706331674:exit
1677706803930:key
1677706807712:stacktrace
1677707107322:key
1677707722223:exit
1677707769921:key
1677707772593:bootstrap
1677707776107:help
1677707796065:add-user --handle owl --imageUri http://foo.bar/img.png --name "mr stax"
1677707810951:passwd --id 1080609561033592832 --password changeme
1677707815465:passwd --userId 1080609561033592832 --password changeme
1677707818953:whoami
1677707826042:login --username owl --password changeme
1677707844193:whoami
1677707985651:exit
1677709721754:exit
1678255376592:exit
1678255584666:help
1678255605088:users
1678255630009:get-permissions-for-user --userId 1082906769875554304
1678255669999:get-permissions-for-user --userId 1082906769489678336
1678255729732:get-permissions-for-user --userId 1082906769502261248
1678256019069:get-permissions-for-user --userId 1082906769489678336
1678256028696:users
1678256067674:add-user --handle mario --imageUri http://mario.com --name mario
1678256070196:users
1678256077691:passwd --userId 1082909178861473792
1678256086871:passwd --userId 1082909178861473792 --passwd changeme
1678256090109:passwd --userId 1082909178861473792 --password changeme
1678256098012:login --username mario --password changeme
1678256100098:whoami
1678256103683:stacktrace
1678256165637:whoami
1678256167258:identity
1678256378195:whoami
1678256446855:exit
1678256464409:whoami
1678256483395:login --username mario --password changeme
1678256485173:whoami
1678256491785:stacktrace
1678256574935:exit
1678256596650:login --username mario --password changeme
1678256599102:whoami
1678256732677:exit
1678256748748:login --username mario --password changeme
1678256752459:whoami
1678256793429:exit
1678256814580:login --username mario --password changeme
1678256816610:whoami
1678256912719:exit
1678256941993:login --username mario --password changeme
1678256947937:whoami
1678256960809:help
1678256968739:get-permissions-for-user 1082909178861473792
1678295591674:exit
1678297886704:users
1678297894212:stacktrace
1678297909783:help
1678297928534:add-user --handle mario --name mario --imageUri foo.bar
1678297931797:key
1678297937517:stacktrace
1678298107742:key
1678298113430:add-user --handle mario --name mario --imageUri foo.bar
1678298367272:exit
1678298845854:users
1678298848278:help
1678298849021:key
1678298890381:exit
1678298912179:key
1678298950707:exit
1678299050923:key
1678299126316:exit
1678299151172:key
1678299152532:exit
1678300250086:key
1678300367776:exit
1678303751709:key
1678303777359:exit
1678303792016:key
1678303886041:exit
1678303986321:key
1678304263861:exit
1678304290856:key
1678304327585:stacktrace
1678304351485:exit
1678304366771:key
1678304368169:exit
1678304452489:key
1678304855970:exit
1678304955812:key
1678304982328:exit
1678305085061:key
1678305093614:exit
1678305110537:key
1678305157860:exit
1678323572942:whoami
1678323575734:help
1678323577502:key
1678323582450:users
1678323598397:add-user --handle mario --name "Mario Gray" --imageUri "http://"
1678323600262:users
1678323606536:passwd --userId 1083192423373099008
1678323610678:passwd --userId 1083192423373099008 --password changeme
1678323620989:login --username mario --password changeme
1678323878739:exit
1678323950100:key
1678323951555:help
1678323954133:add-user --handle mario --name "Mario Gray" --imageUri "http://"
1678323964339:passwd --userId 1083193915471581184 --password changeme
1678323969923:login --username mario --password changeme
1678323976850:help
1678323977626:whoami
1678324114874:exit
1678324150571:whoami
1678324153586:login --username mario --password changeme
1678324155666:whoami
1678324267241:stacktrace
1678324325192:whoami
1678324329891:login --username mario --password changeme
1678324331170:key
1678324459219:login --username mario --password changeme
1678324461171:key
1678324463649:whoami
1678324467257:help
1678324554017:all-permissions
1678327666327:exit
1678327688023:add-user --handle mario --name "Mario Gray" --imageUri "http://"
1678327701301:passwd --userId 1083209578575581184 --password changeme
1678327705260:login --username mario --password changeme
1678327707916:whoami
1678327709668:help
1678327713883:users
1678327716108:exit
1678327731053:key
1678327774139:login --username mario --password changemef
1678327776179:login --username mario --password changeme
1678327783515:login --username Anon --password ""
1678327785877:login --username Anon --password
1678327788156:login --username Anon --password _
1678327892250:users
1678328140006:exit
1678328156983:login --username Anon --password _
1678328225908:exit
1678328300660:login --username Anon --password _
1678328385945:exit
1678328453618:login --username Anon --password _
1678328577446:exit
1678328618486:login --username Anon --password _
1678328638265:stacktrace
1678328781131:login --username Anon --password _
1678328788124:login --username Anon --password ""
1678328789450:login --username Anon --password fsdfs
1678328892962:exit
1678328943452:login --username Anon --password fsdfs
1678328954091:login --username Anon --password _
1678328979637:users
1678329068108:login --username Anon --password _
1678334581928:exit
1680037820164:help
1680037827286:login --username Anon --password _
1680037831802:whoami
1680037834469:users
1680037841708:keys
1680040162492:rootkeys
1680040165822:help
1680040168163:root-keys
1680040674578:exit
1680040764174:rootkeys
1680040766302:root-keys
1680040900430:quit
1680041029871:root-keys
1680049801565:stacktrace
1680054660201:root-keys
1680054946224:root-keys
1680064505606:users
1680064543377:exit
1680064873732:users
1680067098436:exit
1680071410484:users
1680127380433:exit
1680194317568:users
1680194326306:root-keys
1680196444856:exit
1680196510064:users
1680196833920:exit
1680197218104:users
1680197275929:exit
