1658635062740:key
1658635457568:exit
1658809297135:key
1658809562694:exit
1658809753841:users
1658809773553:add-user -name Mario -handle darkbit1001 -image-uri http
1658809784680:add-user --name Mario --handle darkbit1001 --image-uri http
1658809786888:users
1658809791178:add-user --name Mario --handle darkbit1001 --image-uri http
1658809792552:users
1658809813664:exit
1658809836345:add-user
1658809845808:add-user --name mario --handle darkbit1001 --image-uri http
1658809849067:users
1658809886791:exit
1658864828543:users
1658864832070:add-user
1658864842743:add-user --name Mario --handle darkbit1001 --image-uri http
1658864847717:users
1658865636398:exit
1658866513257:users
1658866524587:add-user --name mario --handle darkbit --img-uri http
1658866554729:add-user --name mario --handle darkbit --image-uri http
1658866563923:users
1658866800473:add-user --name mario --handle darkbit --image-uri http
1658866801833:users
1658866892489:exit
1658867684907:users
1658867692169:add-user --name mario --handle darkbit --image-uri http
1658867695816:users
1658867798016:exit
1658869102114:add-user --name mario --handle darkbit --image-uri http
1658869106714:users
1658869117290:add-user --name Mario --handle Darkbit --image-uri http
1658869118984:users
1658869129186:exit
1658869194571:users
1658869202803:user-add --name mario --handle darkbit --image-uri http
1658869208195:add-user --name mario --handle darkbit --image-uri http
1658869211860:add-user --name mario --handle darkBit --image-uri http
1658869215010:users
1658945551160:just-listen
1658945612544:exit
1658945645295:just-listen
1658945677960:exit
1658945692882:just-listen
1658945748154:add-user --name mario --handle darkbit --image-uri http
1658945784003:exit
1658950234385:user-add --name mario --handle darkbit --image-uri http
1658950238880:add-user --name mario --handle darkbit --image-uri http
1658950496675:exit
1658950524822:add-user --name mario --handle darkbit --image-uri http
1658950533405:users
1658950537015:add-user --name mario --handle darkbit --image-uri http
1658950538590:users
1658951108266:get-user --handle darkbit
1658951125936:passwd --id 5860250331394076787 --passwd commodore
1658951166161:stacktrace
1658951198393:passwd --id 5860250331394076787 --passwd commodore
1658951307192:exit
1658951332634:add-user --name mario --handle darkbit --image-uri http
1658951337859:passwd --id 5860250331394076787 --passwd commodore
1658951350667:exit
1658951400524:passwd --id 5860250331394076787 --passwd commodore
1658951452376:exit
1658951468892:passwd --id 5860250331394076787 --passwd commodore
1658951497810:exit
1658951511028:passwd --id 5860250331394076787 --passwd commodore
1658951555629:exit
1658951570532:passwd --id 5860250331394076787 --passwd commodore
1658951624427:exit
1658951640276:passwd --id 5860250331394076787 --passwd commodore
1658951918798:passwd --id 586025033139407678a --passwd commodore
1658951923240:stacktrace
1658951936813:passwd --id a --passwd commodore
1658951938532:stacktrace
1658952173757:exit
1658952190038:passwd --id a --passwd commodore
1658952194969:passwd --id 586025033139407678a --passwd commodore
1658952197638:passwd --id 586025033139407678 --passwd commodore
1658952220000:exit
1658952234876:passwd --id 586025033139407678 --passwd commodore
1658952241127:passwd --id 5860250331394076787 --passwd commodore
1658952296439:exit
1658952311168:passwd --id 5860250331394076787 --passwd commodore
1658952348965:add-user --name estelle --handle belle --image-uri https
1658952350588:users
1658952406734:permission --user-id 5860250331394076787 --target-user-id 5860250331394076790 --role SEND_MESSAGE
1658952694100:exit
1658953041767:permission --user-id 5860250331394076787 --target-user-id 5860250331394076790 --role SEND_MESSAGE
1658953080675:exit
1658953166264:users
1658953169183:permission --user-id 5860250331394076787 --target-user-id 5860250331394076790 --role SEND_MESSAGE
1658953411504:exit
1658953452335:users
1658953459752:permissions --user-id 5860250331394076787
1658953468977:permissions --user-id 5860250331394076790
1658953574608:stacktrace
1658953726879:users
1658953803478:permissions --user-id 5860250331394076787
1658955412962:exit
1658955430435:permissions --user-id 5860250331394076787
1658955752590:exit
1658955770874:permissions --user-id darkbit1001
1658955774391:users
1658955788241:permissions --user-id darkbit1001
1658955806853:get-user --handle belle
1658955821512:users
1658955829177:permissions --user-id 5860250331394076787
1658955976910:exit
1658955996487:permissions --user-id 5860250331394076787
1658956064133:exit
1658956081715:permissions --user-id 5860250331394076787
1658956269733:exit
1658956304544:permissions --user-id 5860250331394076787
1658956320204:exit
1658956367567:permissions --user-id 5860250331394076787
1658956382469:get-permission-for-user --user-id 5860250331394076787
1658956921943:exit
1658956943045:users
1658956966690:get-permission-for-user --user-id 5860250331394076787
1658957235312:exit
1658957266074:find-user --handle darkbit
1658957736658:exit
1658957754315:users
1658957765235:find-user --handle darkbit
1658957780363:stacktrace
1658957805915:exit
1658958237881:find-user --handle darkbit
1658958797847:exit
1658958825519:find-user --handle darkbit
1658958845552:users
1658958858312:add-user --name estelle --handle belle --image-uri https
1658958876600:add-user --name mario --handle darkbit --image-uri http
1658958891072:users
1658958895977:find-user --handle darkbit
1658961983997:exit
1658962039279:find-user --handle darkbit
1658962113511:exit
1658962140617:find-user --handle darkbit
1658962391962:exit
1658962413349:find-user --handle darkbit
1658962518043:exit
1658962608214:find-user --handle darkbit
1658962614333:add-user --name mario --handle darkbit --image-uri http
1658962617796:add-user --name estelle --handle belle --image-uri https
1658962621371:find-user --handle darkbit
1658962844984:exit
1658962975034:find-user --handle darkbit
1658963774603:exit
1658963792334:add-user --name estelle --handle belle --image-uri https
1658963794836:add-user --name mario --handle darkbit --image-uri http
1658963796908:find-user --handle darkbit
1658964250795:exit
1658965050487:permission --user-id 5860250331394076787 --target-user-id 5860250331394076790 --role SEND_MESSAGE
1658965054991:add-permission --user-id 5860250331394076787 --target-user-id 5860250331394076790 --role SEND_MESSAGE
1658965103830:get-permission-for-user --user-id 5860250331394076787
1658965109341:users
1658965112607:get-permission-for-user --user-id 5860250331394
1658965114590:exit
1658965155360:get-permission-for-user --user-id 5860250331394
1658965157526:users
1658965164095:get-permission-for-user --user-id 2444315910130023021
1658965172183:get-permission-for-user --user-id 2444315910130023020
1658965194367:add-permission --user-id 2444315910130023021 --target-user-id 2444315910130023020 --role SEND_MESSAGE
1658965198992:get-permission-for-user --user-id 2444315910130023021
1658965200998:get-permission-for-user --user-id 2444315910130023020
1658965206823:permissions
1658965288518:exit
1658965315425:all-permissions
1658965372688:exit
1658965399425:add-permission --user-id 2444315910130023021 --target-user-id 2444315910130023020 --role SEND_MESSAGE
1658965557462:exit
1658965581191:add-permission --user-id 2444315910130023021 --target-user-id 2444315910130023020 --role SEND_MESSAGE
1658965636901:exit
1658965735670:add-permission --user-id 2444315910130023021 --target-user-id 2444315910130023020 --role SEND_MESSAGE
1658965738419:permissions
1658965741117:all-permissions
1658965753021:add-permission --user-id 2444315910130023021 --target-user-id 2444315910130023020 --role SEND_MESSAGE
1658965754836:all-permissions
1658965763029:get-permission-for-user --user-id 2444315910130023021
1658965848401:exit
1658966970710:add-user --name estelle --handle belle --image-uri https
1658966971053:add-user --name mario --handle darkbit --image-uri http
1658966998606:all-permissions
1658966999605:add-permission --user-id 7603527378428651765 --target-user-id 7603527378428651766 --role SEND_MESSAGE
1658967002806:all-permissions
1658967007864:add-permission --user-id 7603527378428651765 --target-user-id 7603527378428651766 --role SEND_MESSAGE
1658967008862:all-permissions
1658967108255:get-permission-for-user --user-id 2444315910130023021
1658967115158:get-permission-for-user --user-id 7603527378428651765
1658967319561:exit
1658967345996:get-permission-for-user --user-id 7603527378428651765
1658967353171:add-permission --user-id 7603527378428651765 --target-user-id 7603527378428651766 --role SEND_MESSAGE --exists false
1658967361218:add-permission --user-id 7603527378428651765 --target-user-id 7603527378428651766 --role SEND_MESSAGE --exists 0
1658967436436:exit
1658967458913:add-permission --user-id 7603527378428651765 --target-user-id 7603527378428651766 --role SEND_MESSAGE --exists false
1658967462678:get-permission-for-user --user-id 7603527378428651765
1658967469977:add-permission --user-id 7603527378428651765 --target-user-id 7603527378428651766 --role SEND_MESSAGE --exists false
1658967471536:get-permission-for-user --user-id 7603527378428651765
1658967473984:all-permissions
1658967550149:exit
1658967587774:add-permission --user-id 7603527378428651765 --target-user-id 7603527378428651766 --role SEND_MESSAGE --exists false --expire-time 0
1658967590811:get-permission-for-user --user-id 7603527378428651765
1658967613356:add-permission --user-id 2444315910130023021 --target-user-id 2444315910130023020 --role SEND_MESSAGE --exists true --expire-time 0
1658967615451:get-permission-for-user --user-id 7603527378428651765
1658967791380:exit
1658967814196:add-permission --user-id 2444315910130023021 --target-user-id 2444315910130023020 --role READ_MESSAGE --exists true --expire-time 1
1658967816123:get-permission-for-user --user-id 7603527378428651765
1658967823893:all-permissions
1658967837644:add-permission --user-id 2444315910130023021 --target-user-id 2444315910130023020 --role READ_MESSAGE --exists true --expire-time 1324829342
1658967838811:all-permissions
1658967848114:add-permission --user-id 2444315910130023021 --target-user-id 2444315910130023023 --role READ_MESSAGE --exists true --expire-time 1324829342
1658967849154:all-permissions
1658967871722:get-permission-for-user --user-id 7603527378428651765
1658967895688:exit
1658967916851:add-permission --user-id 2444315910130023021 --target-user-id 2444315910130023023 --role READ_MESSAGE --expire-time 1324829342
1658967919058:all-permissions
1658967930584:add-permission --user-id 2444315910130023021 --target-user-id 2444315910130023023 --role SEND_MESSAGE --expire-time 1324829342
1658967934305:get-permission-for-user --user-id 7603527378428651765
1658967983439:users
1658968008285:add-permission --user-id 7603527378428651766 --target-user-id 7603527378428651765 --role READ_MESSAGE --expire-time 1
1658968015814:get-permission-for-user --user-id 7603527378428651765:
1658968016964:get-permission-for-user --user-id 7603527378428651765
1658968034220:add-permission --user-id 7603527378428651766 --target-user-id 7603527378428651765 --role READ_MESSAGE --expire-time 9223372036854775807
1658968036006:get-permission-for-user --user-id 7603527378428651765
1658968062035:all-permissions
1658968084027:users
1658968188870:exit
1658981217784:add-user --name estelle --handle belle --image-uri https
1658981218136:add-user --name mario --handle darkbit --image-uri http
1658981241935:add-permission --user-id 6923816998592879035 --target-user-id 6923816998592879034 --role SEND_MESSAGE --exists true --expire-time 1
1658981246470:add-permission --user-id 6923816998592879035 --target-user-id 6923816998592879034 --role SEND_MESSAGE --expire-time 1
1658981248542:permissions
1658981251887:all-permissions
1658981396079:add-permission --user-id 6923816998592879035 --target-user-id 6923816998592879034 --role SEND_MESSAGE --expire-time 1
1658981397286:all-permissions
1658981408807:get-permissions-for-user --user-id 6923816998592879035
1658981419614:add-permission --user-id 6923816998592879035 --target-user-id 6923816998592879034 --role READ_MESSAGE --expire-time 1
1658981421381:get-permissions-for-user --user-id 6923816998592879035
1658981450119:add-permission --user-id 6923816998592879035 --target-user-id 6923816998592879034 --role READ_MESSAGE --expire-time 6000
1658981453263:get-permissions-for-user --user-id 6923816998592879035
1658981465677:add-permission --user-id 6923816998592879035 --target-user-id 6923816998592879034 --role SEND_MESSAGE --expire-time 6000
1658981467342:get-permissions-for-user --user-id 6923816998592879035
1658981471525:add-permission --user-id 6923816998592879035 --target-user-id 6923816998592879034 --role SEND_MESSAGE --expire-time 1
1658981472710:get-permissions-for-user --user-id 6923816998592879035
1658983173871:exit
